<?xml version="1.0" encoding="UTF-8"?>
<!-- Generated by org.testng.reporters.JUnitXMLReporter -->
<testsuite hostname="PC-103-WS" tests="24" failures="13" timestamp="11 Apr 2016 09:18:47 GMT" time="110.451" errors="0">
  <testcase name="logInLogOut" time="25.648" classname="LogInTest"/>
  <testcase name="logInLogOut" time="8.344" classname="LogInTest"/>
  <testcase name="logErrorTel" time="5.859" classname="ErrorLogInTest"/>
  <testcase name="logErrorTel" time="5.943" classname="ErrorLogInTest"/>
  <testcase name="logErrorTel" time="7.235" classname="ErrorLogInTest"/>
  <testcase name="logErrorTel" time="5.732" classname="ErrorLogInTest"/>
  <testcase name="logErrorTel" time="5.797" classname="ErrorLogInTest"/>
  <testcase name="logErrorTel" time="5.763" classname="ErrorLogInTest"/>
  <testcase name="registrationValidData" time="4.11" classname="RegistrationTest">
    <failure type="java.lang.AssertionError" message="expected [true] but found [false]">
      <![CDATA[java.lang.AssertionError: expected [true] but found [false]
	at pageFactory.RegistrationPage.clickRegButton(RegistrationPage.java:194)
	at step.StepRegistration.clickRegButton(StepRegistration.java:44)
	at RegistrationTest.registrationValidData(RegistrationTest.java:40)
... Removed 32 stack frames]]>
    </failure>
  </testcase> <!-- registrationValidData -->
  <testcase name="registrationValidData" time="1.312" classname="RegistrationTest">
    <failure type="java.lang.AssertionError" message="expected [true] but found [false]">
      <![CDATA[java.lang.AssertionError: expected [true] but found [false]
	at pageFactory.RegistrationPage.clickRegButton(RegistrationPage.java:194)
	at step.StepRegistration.clickRegButton(StepRegistration.java:44)
	at RegistrationTest.registrationValidData(RegistrationTest.java:40)
... Removed 32 stack frames]]>
    </failure>
  </testcase> <!-- registrationValidData -->
  <testcase name="registrationValidData" time="0.89" classname="RegistrationTest">
    <failure type="java.lang.AssertionError" message="expected [true] but found [false]">
      <![CDATA[java.lang.AssertionError: expected [true] but found [false]
	at pageFactory.RegistrationPage.clickRegButton(RegistrationPage.java:194)
	at step.StepRegistration.clickRegButton(StepRegistration.java:44)
	at RegistrationTest.registrationValidData(RegistrationTest.java:40)
... Removed 32 stack frames]]>
    </failure>
  </testcase> <!-- registrationValidData -->
  <testcase name="ErrorInvalidField" time="0.812" classname="ErrorRegistrationTest">
    <failure type="java.lang.AssertionError" message="expected [true] but found [false]">
      <![CDATA[java.lang.AssertionError: expected [true] but found [false]
	at pageFactory.RegistrationPage.clickRegButton(RegistrationPage.java:194)
	at step.StepRegistration.clickRegButton(StepRegistration.java:44)
	at ErrorRegistrationTest.ErrorInvalidField(ErrorRegistrationTest.java:83)
... Removed 32 stack frames]]>
    </failure>
  </testcase> <!-- ErrorInvalidField -->
  <testcase name="ErrorInvalidField" time="0.777" classname="ErrorRegistrationTest">
    <failure type="java.lang.AssertionError" message="expected [true] but found [false]">
      <![CDATA[java.lang.AssertionError: expected [true] but found [false]
	at pageFactory.RegistrationPage.clickRegButton(RegistrationPage.java:194)
	at step.StepRegistration.clickRegButton(StepRegistration.java:44)
	at ErrorRegistrationTest.ErrorInvalidField(ErrorRegistrationTest.java:83)
... Removed 32 stack frames]]>
    </failure>
  </testcase> <!-- ErrorInvalidField -->
  <testcase name="ErrorInvalidField" time="1.339" classname="ErrorRegistrationTest">
    <failure type="java.lang.AssertionError" message="expected [true] but found [false]">
      <![CDATA[java.lang.AssertionError: expected [true] but found [false]
	at pageFactory.RegistrationPage.clickRegButton(RegistrationPage.java:194)
	at step.StepRegistration.clickRegButton(StepRegistration.java:44)
	at ErrorRegistrationTest.ErrorInvalidField(ErrorRegistrationTest.java:83)
... Removed 32 stack frames]]>
    </failure>
  </testcase> <!-- ErrorInvalidField -->
  <testcase name="ErrorInvalidField" time="3.635" classname="ErrorRegistrationTest">
    <failure type="java.lang.AssertionError" message="expected [true] but found [false]">
      <![CDATA[java.lang.AssertionError: expected [true] but found [false]
	at pageFactory.RegistrationPage.clickRegButton(RegistrationPage.java:194)
	at step.StepRegistration.clickRegButton(StepRegistration.java:44)
	at ErrorRegistrationTest.ErrorInvalidField(ErrorRegistrationTest.java:83)
... Removed 32 stack frames]]>
    </failure>
  </testcase> <!-- ErrorInvalidField -->
  <testcase name="ErrorInvalidField" time="1.024" classname="ErrorRegistrationTest">
    <failure type="java.lang.AssertionError" message="expected [true] but found [false]">
      <![CDATA[java.lang.AssertionError: expected [true] but found [false]
	at pageFactory.RegistrationPage.clickRegButton(RegistrationPage.java:194)
	at step.StepRegistration.clickRegButton(StepRegistration.java:44)
	at ErrorRegistrationTest.ErrorInvalidField(ErrorRegistrationTest.java:83)
... Removed 32 stack frames]]>
    </failure>
  </testcase> <!-- ErrorInvalidField -->
  <testcase name="ErrorInvalidField" time="0.806" classname="ErrorRegistrationTest">
    <failure type="java.lang.AssertionError" message="expected [true] but found [false]">
      <![CDATA[java.lang.AssertionError: expected [true] but found [false]
	at pageFactory.RegistrationPage.clickRegButton(RegistrationPage.java:194)
	at step.StepRegistration.clickRegButton(StepRegistration.java:44)
	at ErrorRegistrationTest.ErrorInvalidField(ErrorRegistrationTest.java:83)
... Removed 32 stack frames]]>
    </failure>
  </testcase> <!-- ErrorInvalidField -->
  <testcase name="ErrorInvalidField" time="5.061" classname="ErrorRegistrationTest"/>
  <testcase name="ErrorLengthMaxField" time="0.826" classname="ErrorRegistrationTest">
    <failure type="java.lang.AssertionError" message="expected [true] but found [false]">
      <![CDATA[java.lang.AssertionError: expected [true] but found [false]
	at pageFactory.RegistrationPage.clickRegButton(RegistrationPage.java:194)
	at step.StepRegistration.clickRegButton(StepRegistration.java:44)
	at ErrorRegistrationTest.ErrorLengthMaxField(ErrorRegistrationTest.java:46)
... Removed 32 stack frames]]>
    </failure>
  </testcase> <!-- ErrorLengthMaxField -->
  <testcase name="ErrorLengthMinField" time="0.871" classname="ErrorRegistrationTest">
    <failure type="java.lang.AssertionError" message="expected [true] but found [false]">
      <![CDATA[java.lang.AssertionError: expected [true] but found [false]
	at pageFactory.RegistrationPage.clickRegButton(RegistrationPage.java:194)
	at step.StepRegistration.clickRegButton(StepRegistration.java:44)
	at ErrorRegistrationTest.ErrorLengthMinField(ErrorRegistrationTest.java:66)
... Removed 32 stack frames]]>
    </failure>
  </testcase> <!-- ErrorLengthMinField -->
  <testcase name="ErrorLengthMinField" time="0.873" classname="ErrorRegistrationTest">
    <failure type="java.lang.AssertionError" message="expected [true] but found [false]">
      <![CDATA[java.lang.AssertionError: expected [true] but found [false]
	at pageFactory.RegistrationPage.clickRegButton(RegistrationPage.java:194)
	at step.StepRegistration.clickRegButton(StepRegistration.java:44)
	at ErrorRegistrationTest.ErrorLengthMinField(ErrorRegistrationTest.java:66)
... Removed 32 stack frames]]>
    </failure>
  </testcase> <!-- ErrorLengthMinField -->
  <testcase name="ErrorNullField" time="1.496" classname="ErrorRegistrationTest">
    <failure type="java.lang.AssertionError" message="expected [true] but found [false]">
      <![CDATA[java.lang.AssertionError: expected [true] but found [false]
	at pageFactory.RegistrationPage.clickRegButton(RegistrationPage.java:194)
	at step.StepRegistration.clickRegButton(StepRegistration.java:44)
	at ErrorRegistrationTest.ErrorNullField(ErrorRegistrationTest.java:26)
... Removed 32 stack frames]]>
    </failure>
  </testcase> <!-- ErrorNullField -->
  <testcase name="logIn" time="10.232" classname="WebinarTest"/>
  <testcase name="viewWebinarLogUser" time="3.174" classname="WebinarTest"/>
</testsuite>
