<!DOCTYPE html PUBLIC "-//W3C//DTD XHTML 1.1//EN" "http://www.w3.org/TR/xhtml11/DTD/xhtml11.dtd">
<html xmlns="http://www.w3.org/1999/xhtml"><head><title>TestNG Report</title><style type="text/css">table {margin-bottom:10px;border-collapse:collapse;empty-cells:show}th,td {border:1px solid #009;padding:.25em .5em}th {vertical-align:bottom}td {vertical-align:top}table a {font-weight:bold}.stripe td {background-color: #E6EBF9}.num {text-align:right}.passedodd td {background-color: #3F3}.passedeven td {background-color: #0A0}.skippedodd td {background-color: #DDD}.skippedeven td {background-color: #CCC}.failedodd td,.attn {background-color: #F33}.failedeven td,.stripe .attn {background-color: #D00}.stacktrace {white-space:pre;font-family:monospace}.totop {font-size:85%;text-align:center;border-bottom:2px solid #000}</style></head><body><table><tr><th>Test</th><th># Passed</th><th># Skipped</th><th># Failed</th><th>Time (ms)</th><th>Included Groups</th><th>Excluded Groups</th></tr><tr><th colspan="7">Google suites</th></tr><tr><th colspan="7">Google suites (0)</th></tr><tr><td><a href="#t0">FarmZnanie testx</a></td><td class="num">12</td><td class="num">0</td><td class="num attn">1</td><td class="num">188 998</td><td></td><td></td></tr></table><table><thead><tr><th>Class</th><th>Method</th><th>Start</th><th>Time (ms)</th></tr></thead><tbody><tr><th colspan="4">Google suites</th></tr></tbody><tbody><tr><th colspan="4">Google suites (0)</th></tr></tbody><tbody id="t0"><tr><th colspan="4">FarmZnanie testx &#8212; failed</th></tr><tr class="failedeven"><td rowspan="1">RegistrationTest</td><td><a href="#m0">logInLogOut</a></td><td rowspan="1">1459414762772</td><td rowspan="1">100312</td></tr><tr><th colspan="4">FarmZnanie testx &#8212; passed</th></tr><tr class="passedeven"><td rowspan="6">ErrorLogInTest</td><td><a href="#m1">logErrorPass</a></td><td rowspan="1">1459414705040</td><td rowspan="1">7113</td></tr><tr class="passedeven"><td><a href="#m2">logErrorTel</a></td><td rowspan="1">1459414712155</td><td rowspan="1">6521</td></tr><tr class="passedeven"><td><a href="#m3">logNullPass</a></td><td rowspan="1">1459414718678</td><td rowspan="1">6541</td></tr><tr class="passedeven"><td><a href="#m4">logNullTel</a></td><td rowspan="1">1459414725220</td><td rowspan="1">6552</td></tr><tr class="passedeven"><td><a href="#m5">logShotPass</a></td><td rowspan="1">1459414731773</td><td rowspan="1">7016</td></tr><tr class="passedeven"><td><a href="#m6">logShotTel</a></td><td rowspan="1">1459414738790</td><td rowspan="1">6520</td></tr><tr class="passedodd"><td rowspan="4">ErrorRegistrationTest</td><td><a href="#m7">ErrorInvalidField</a></td><td rowspan="1">1459414863093</td><td rowspan="1">8217</td></tr><tr class="passedodd"><td><a href="#m8">ErrorLengthMaxField</a></td><td rowspan="1">1459414871312</td><td rowspan="1">2991</td></tr><tr class="passedodd"><td><a href="#m9">ErrorLengthMinField</a></td><td rowspan="1">1459414874304</td><td rowspan="1">2874</td></tr><tr class="passedodd"><td><a href="#m10">NullField</a></td><td rowspan="1">1459414877180</td><td rowspan="1">2045</td></tr><tr class="passedeven"><td rowspan="1">LogInTest</td><td><a href="#m11">logInLogOut</a></td><td rowspan="1">1459414694021</td><td rowspan="1">10984</td></tr><tr class="passedodd"><td rowspan="1">RestorePassTest</td><td><a href="#m12">logInLogOut</a></td><td rowspan="1">1459414745312</td><td rowspan="1">17458</td></tr></tbody></table><h2>FarmZnanie testx</h2><h3 id="m0">RegistrationTest#logInLogOut</h3><table class="result"><tr><th>Exception</th></tr><tr><td><div class="stacktrace">org.openqa.selenium.TimeoutException: Timed out after 90 seconds waiting for presence of element located by: By.xpath: .//a[contains(.,&apos;ֲיעט&apos;)]
Build info: version: &apos;2.52.0&apos;, revision: &apos;4c2593cfc3689a7fcd7be52549167e5ccc93ad28&apos;, time: &apos;2016-02-11 11:22:43&apos;
System info: host: &apos;PC-103-WS&apos;, ip: &apos;192.168.56.1&apos;, os.name: &apos;Windows 8.1&apos;, os.arch: &apos;amd64&apos;, os.version: &apos;6.3&apos;, java.version: &apos;1.8.0_65&apos;
Driver info: org.openqa.selenium.chrome.ChromeDriver
Capabilities [{applicationCacheEnabled=false, rotatable=false, mobileEmulationEnabled=false, chrome={chromedriverVersion=2.21.371459 (36d3d07f660ff2bc1bf28a75d1cdabed0983e7c4), userDataDir=C:\Users\mihaleva\AppData\Local\Temp\scoped_dir7984_24073}, takesHeapSnapshot=true, databaseEnabled=false, handlesAlerts=true, hasTouchScreen=false, version=49.0.2623.87, platform=WIN8_1, browserConnectionEnabled=false, nativeEvents=true, acceptSslCerts=true, locationContextEnabled=true, webStorageEnabled=true, browserName=chrome, takesScreenshot=true, javascriptEnabled=true, cssSelectorsEnabled=true}]
Session ID: 17708ee76bcb9c20f9fbfb2fbacd40fe
	at org.openqa.selenium.support.ui.WebDriverWait.timeoutException(WebDriverWait.java:80)
	at org.openqa.selenium.support.ui.FluentWait.until(FluentWait.java:261)
	at Help.Waiter.wait(Waiter.java:21)
	at pageFactory.RegistrationPage.checkRegOk(RegistrationPage.java:262)
	at step.StepRegistration.checkRegOk(StepRegistration.java:119)
	at RegistrationTest.logInLogOut(RegistrationTest.java:38)
Caused by: org.openqa.selenium.NoSuchElementException: no such element: Unable to locate element: {&quot;method&quot;:&quot;xpath&quot;,&quot;selector&quot;:&quot;.//a[contains(.,&apos;ֲיעט&apos;)]&quot;}
  (Session info: chrome=49.0.2623.87)
  (Driver info: chromedriver=2.21.371459 (36d3d07f660ff2bc1bf28a75d1cdabed0983e7c4),platform=Windows NT 6.3 x86_64) (WARNING: The server did not provide any stacktrace information)
Command duration or timeout: 10 milliseconds
For documentation on this error, please visit: http://seleniumhq.org/exceptions/no_such_element.html
Build info: version: &apos;2.52.0&apos;, revision: &apos;4c2593cfc3689a7fcd7be52549167e5ccc93ad28&apos;, time: &apos;2016-02-11 11:22:43&apos;
System info: host: &apos;PC-103-WS&apos;, ip: &apos;192.168.56.1&apos;, os.name: &apos;Windows 8.1&apos;, os.arch: &apos;amd64&apos;, os.version: &apos;6.3&apos;, java.version: &apos;1.8.0_65&apos;
Driver info: org.openqa.selenium.chrome.ChromeDriver
Capabilities [{applicationCacheEnabled=false, rotatable=false, mobileEmulationEnabled=false, chrome={chromedriverVersion=2.21.371459 (36d3d07f660ff2bc1bf28a75d1cdabed0983e7c4), userDataDir=C:\Users\mihaleva\AppData\Local\Temp\scoped_dir7984_24073}, takesHeapSnapshot=true, databaseEnabled=false, handlesAlerts=true, hasTouchScreen=false, version=49.0.2623.87, platform=WIN8_1, browserConnectionEnabled=false, nativeEvents=true, acceptSslCerts=true, locationContextEnabled=true, webStorageEnabled=true, browserName=chrome, takesScreenshot=true, javascriptEnabled=true, cssSelectorsEnabled=true}]
Session ID: 17708ee76bcb9c20f9fbfb2fbacd40fe
*** Element info: {Using=xpath, value=.//a[contains(.,&apos;ֲיעט&apos;)]}
	at org.openqa.selenium.remote.ErrorHandler.createThrowable(ErrorHandler.java:206)
	at org.openqa.selenium.remote.ErrorHandler.throwIfResponseFailed(ErrorHandler.java:158)
	at org.openqa.selenium.remote.RemoteWebDriver.execute(RemoteWebDriver.java:678)
	at org.openqa.selenium.remote.RemoteWebDriver.findElement(RemoteWebDriver.java:363)
	at org.openqa.selenium.remote.RemoteWebDriver.findElementByXPath(RemoteWebDriver.java:500)
	at org.openqa.selenium.By$ByXPath.findElement(By.java:361)
	at org.openqa.selenium.remote.RemoteWebDriver.findElement(RemoteWebDriver.java:355)
	at org.openqa.selenium.support.ui.ExpectedConditions.findElement(ExpectedConditions.java:911)
	at org.openqa.selenium.support.ui.ExpectedConditions.access$000(ExpectedConditions.java:41)
	at org.openqa.selenium.support.ui.ExpectedConditions$6.apply(ExpectedConditions.java:181)
	at org.openqa.selenium.support.ui.ExpectedConditions$6.apply(ExpectedConditions.java:178)
	at org.openqa.selenium.support.ui.FluentWait.until(FluentWait.java:238)
	... 32 more
... Removed 31 stack frames</div></td></tr></table><p class="totop"><a href="#summary">back to summary</a></p><h3 id="m1">ErrorLogInTest#logErrorPass</h3><table class="result"></table><p class="totop"><a href="#summary">back to summary</a></p><h3 id="m2">ErrorLogInTest#logErrorTel</h3><table class="result"></table><p class="totop"><a href="#summary">back to summary</a></p><h3 id="m3">ErrorLogInTest#logNullPass</h3><table class="result"></table><p class="totop"><a href="#summary">back to summary</a></p><h3 id="m4">ErrorLogInTest#logNullTel</h3><table class="result"></table><p class="totop"><a href="#summary">back to summary</a></p><h3 id="m5">ErrorLogInTest#logShotPass</h3><table class="result"></table><p class="totop"><a href="#summary">back to summary</a></p><h3 id="m6">ErrorLogInTest#logShotTel</h3><table class="result"></table><p class="totop"><a href="#summary">back to summary</a></p><h3 id="m7">ErrorRegistrationTest#ErrorInvalidField</h3><table class="result"></table><p class="totop"><a href="#summary">back to summary</a></p><h3 id="m8">ErrorRegistrationTest#ErrorLengthMaxField</h3><table class="result"></table><p class="totop"><a href="#summary">back to summary</a></p><h3 id="m9">ErrorRegistrationTest#ErrorLengthMinField</h3><table class="result"></table><p class="totop"><a href="#summary">back to summary</a></p><h3 id="m10">ErrorRegistrationTest#NullField</h3><table class="result"></table><p class="totop"><a href="#summary">back to summary</a></p><h3 id="m11">LogInTest#logInLogOut</h3><table class="result"></table><p class="totop"><a href="#summary">back to summary</a></p><h3 id="m12">RestorePassTest#logInLogOut</h3><table class="result"></table><p class="totop"><a href="#summary">back to summary</a></p></body></html>