<?xml version="1.0" encoding="UTF-8"?>
<testng-results skipped="0" failed="0" total="4" passed="4">
  <reporter-output>
  </reporter-output>
  <suite name="Google suites" duration-ms="0" started-at="2016-04-01T05:02:23Z" finished-at="2016-04-01T05:02:23Z">
    <groups>
    </groups>
  </suite> <!-- Google suites -->
  <suite name="Google suites (0)" duration-ms="20256" started-at="2016-04-01T05:02:02Z" finished-at="2016-04-01T05:02:23Z">
    <groups>
    </groups>
    <test name="FarmZnanie testx" duration-ms="20256" started-at="2016-04-01T05:02:02Z" finished-at="2016-04-01T05:02:23Z">
      <class name="ErrorRegistrationTest">
        <test-method status="PASS" signature="bornDriver()[pri:0, instance:ErrorRegistrationTest@523884b2]" name="bornDriver" is-config="true" duration-ms="1564" started-at="2016-04-01T11:02:02Z" finished-at="2016-04-01T11:02:04Z">
          <reporter-output>
          </reporter-output>
        </test-method> <!-- bornDriver -->
        <test-method status="PASS" signature="ErrorInvalidField()[pri:0, instance:ErrorRegistrationTest@523884b2]" name="ErrorInvalidField" duration-ms="10059" started-at="2016-04-01T11:02:04Z" finished-at="2016-04-01T11:02:14Z">
          <reporter-output>
          </reporter-output>
        </test-method> <!-- ErrorInvalidField -->
        <test-method status="PASS" signature="ErrorLengthMaxField()[pri:0, instance:ErrorRegistrationTest@523884b2]" name="ErrorLengthMaxField" duration-ms="2859" started-at="2016-04-01T11:02:14Z" finished-at="2016-04-01T11:02:17Z">
          <reporter-output>
          </reporter-output>
        </test-method> <!-- ErrorLengthMaxField -->
        <test-method status="PASS" signature="ErrorLengthMinField()[pri:0, instance:ErrorRegistrationTest@523884b2]" name="ErrorLengthMinField" duration-ms="2924" started-at="2016-04-01T11:02:17Z" finished-at="2016-04-01T11:02:20Z">
          <reporter-output>
          </reporter-output>
        </test-method> <!-- ErrorLengthMinField -->
        <test-method status="PASS" signature="NullField()[pri:0, instance:ErrorRegistrationTest@523884b2]" name="NullField" duration-ms="2041" started-at="2016-04-01T11:02:20Z" finished-at="2016-04-01T11:02:22Z">
          <reporter-output>
          </reporter-output>
        </test-method> <!-- NullField -->
        <test-method status="PASS" signature="killDriver()[pri:0, instance:ErrorRegistrationTest@523884b2]" name="killDriver" is-config="true" duration-ms="707" started-at="2016-04-01T11:02:22Z" finished-at="2016-04-01T11:02:23Z">
          <reporter-output>
          </reporter-output>
        </test-method> <!-- killDriver -->
      </class> <!-- ErrorRegistrationTest -->
    </test> <!-- FarmZnanie testx -->
  </suite> <!-- Google suites (0) -->
</testng-results>
