<?xml version="1.0" encoding="UTF-8"?>
<testng-results skipped="0" failed="0" total="6" passed="6">
  <reporter-output>
  </reporter-output>
  <suite name="Google suites" duration-ms="0" started-at="2016-04-11T05:43:49Z" finished-at="2016-04-11T05:43:49Z">
    <groups>
    </groups>
  </suite> <!-- Google suites -->
  <suite name="Google suites (0)" duration-ms="43893" started-at="2016-04-11T05:43:05Z" finished-at="2016-04-11T05:43:49Z">
    <groups>
    </groups>
    <test name="FarmZnanie testx" duration-ms="43893" started-at="2016-04-11T05:43:05Z" finished-at="2016-04-11T05:43:49Z">
      <class name="ErrorLogInTest">
        <test-method status="PASS" signature="bornDriver()[pri:0, instance:ErrorLogInTest@5b275dab]" name="bornDriver" is-config="true" duration-ms="1604" started-at="2016-04-11T11:43:05Z" finished-at="2016-04-11T11:43:06Z">
          <reporter-output>
          </reporter-output>
        </test-method> <!-- bornDriver -->
        <test-method status="PASS" signature="logErrorTel(java.lang.String, java.lang.String)[pri:0, instance:ErrorLogInTest@5b275dab]" name="logErrorTel" duration-ms="10012" started-at="2016-04-11T11:43:06Z" data-provider="ErrorLoginPass" finished-at="2016-04-11T11:43:17Z">
          <params>
            <param index="0">
              <value>
                <![CDATA[913987353]]>
              </value>
            </param>
            <param index="1">
              <value>
                <![CDATA[qwertyuiop]]>
              </value>
            </param>
          </params>
          <reporter-output>
          </reporter-output>
        </test-method> <!-- logErrorTel -->
        <test-method status="PASS" signature="logErrorTel(java.lang.String, java.lang.String)[pri:0, instance:ErrorLogInTest@5b275dab]" name="logErrorTel" duration-ms="6298" started-at="2016-04-11T11:43:17Z" data-provider="ErrorLoginPass" finished-at="2016-04-11T11:43:23Z">
          <params>
            <param index="0">
              <value>
                <![CDATA[9139875583]]>
              </value>
            </param>
            <param index="1">
              <value>
                <![CDATA[qwertytyu]]>
              </value>
            </param>
          </params>
          <reporter-output>
          </reporter-output>
        </test-method> <!-- logErrorTel -->
        <test-method status="PASS" signature="logErrorTel(java.lang.String, java.lang.String)[pri:0, instance:ErrorLogInTest@5b275dab]" name="logErrorTel" duration-ms="6879" started-at="2016-04-11T11:43:23Z" data-provider="ErrorLoginPass" finished-at="2016-04-11T11:43:30Z">
          <params>
            <param index="0">
              <value>
                <![CDATA[9139875583]]>
              </value>
            </param>
            <param index="1">
              <value>
                <![CDATA[]]>
              </value>
            </param>
          </params>
          <reporter-output>
          </reporter-output>
        </test-method> <!-- logErrorTel -->
        <test-method status="PASS" signature="logErrorTel(java.lang.String, java.lang.String)[pri:0, instance:ErrorLogInTest@5b275dab]" name="logErrorTel" duration-ms="6114" started-at="2016-04-11T11:43:30Z" data-provider="ErrorLoginPass" finished-at="2016-04-11T11:43:36Z">
          <params>
            <param index="0">
              <value>
                <![CDATA[]]>
              </value>
            </param>
            <param index="1">
              <value>
                <![CDATA[qwerty]]>
              </value>
            </param>
          </params>
          <reporter-output>
          </reporter-output>
        </test-method> <!-- logErrorTel -->
        <test-method status="PASS" signature="logErrorTel(java.lang.String, java.lang.String)[pri:0, instance:ErrorLogInTest@5b275dab]" name="logErrorTel" duration-ms="6073" started-at="2016-04-11T11:43:36Z" data-provider="ErrorLoginPass" finished-at="2016-04-11T11:43:42Z">
          <params>
            <param index="0">
              <value>
                <![CDATA[913987558]]>
              </value>
            </param>
            <param index="1">
              <value>
                <![CDATA[qwerty]]>
              </value>
            </param>
          </params>
          <reporter-output>
          </reporter-output>
        </test-method> <!-- logErrorTel -->
        <test-method status="PASS" signature="logErrorTel(java.lang.String, java.lang.String)[pri:0, instance:ErrorLogInTest@5b275dab]" name="logErrorTel" duration-ms="6074" started-at="2016-04-11T11:43:42Z" data-provider="ErrorLoginPass" finished-at="2016-04-11T11:43:48Z">
          <params>
            <param index="0">
              <value>
                <![CDATA[913987558]]>
              </value>
            </param>
            <param index="1">
              <value>
                <![CDATA[qwert]]>
              </value>
            </param>
          </params>
          <reporter-output>
          </reporter-output>
        </test-method> <!-- logErrorTel -->
        <test-method status="PASS" signature="killDriver()[pri:0, instance:ErrorLogInTest@5b275dab]" name="killDriver" is-config="true" duration-ms="766" started-at="2016-04-11T11:43:48Z" finished-at="2016-04-11T11:43:49Z">
          <reporter-output>
          </reporter-output>
        </test-method> <!-- killDriver -->
      </class> <!-- ErrorLogInTest -->
    </test> <!-- FarmZnanie testx -->
  </suite> <!-- Google suites (0) -->
</testng-results>
