<?xml version="1.0" encoding="UTF-8"?>
<testsuite name="TestSuite" time="53.032" tests="24" errors="0" skipped="0" failures="13">
  <properties>
[...]
</properties>
  <testcase name="logInLogOut" classname="LogInTest" time="25.65"/>
  <testcase name="logInLogOut" classname="LogInTest" time="8.344"/>
  <testcase name="logErrorTel" classname="ErrorLogInTest" time="5.859"/>
  <testcase name="logErrorTel" classname="ErrorLogInTest" time="5.943"/>
  <testcase name="logErrorTel" classname="ErrorLogInTest" time="7.236"/>
  <testcase name="logErrorTel" classname="ErrorLogInTest" time="5.732"/>
  <testcase name="logErrorTel" classname="ErrorLogInTest" time="5.797"/>
  <testcase name="logErrorTel" classname="ErrorLogInTest" time="5.763"/>
  <testcase name="registrationValidData" classname="RegistrationTest" time="4.115">
    <failure message="expected [true] but found [false]" type="java.lang.AssertionError">java.lang.AssertionError: expected [true] but found [false]
	at org.testng.Assert.fail(Assert.java:94)
	at org.testng.Assert.failNotEquals(Assert.java:513)
	at org.testng.Assert.assertTrue(Assert.java:42)
	at org.testng.Assert.assertTrue(Assert.java:52)
	at pageFactory.RegistrationPage.clickRegButton(RegistrationPage.java:194)
	at step.StepRegistration.clickRegButton(StepRegistration.java:44)
	at RegistrationTest.registrationValidData(RegistrationTest.java:40)
</failure>
  </testcase>
  <testcase name="registrationValidData" classname="RegistrationTest" time="1.312">
    <failure message="expected [true] but found [false]" type="java.lang.AssertionError">java.lang.AssertionError: expected [true] but found [false]
	at org.testng.Assert.fail(Assert.java:94)
	at org.testng.Assert.failNotEquals(Assert.java:513)
	at org.testng.Assert.assertTrue(Assert.java:42)
	at org.testng.Assert.assertTrue(Assert.java:52)
	at pageFactory.RegistrationPage.clickRegButton(RegistrationPage.java:194)
	at step.StepRegistration.clickRegButton(StepRegistration.java:44)
	at RegistrationTest.registrationValidData(RegistrationTest.java:40)
</failure>
  </testcase>
  <testcase name="registrationValidData" classname="RegistrationTest" time="0.89">
    <failure message="expected [true] but found [false]" type="java.lang.AssertionError">java.lang.AssertionError: expected [true] but found [false]
	at org.testng.Assert.fail(Assert.java:94)
	at org.testng.Assert.failNotEquals(Assert.java:513)
	at org.testng.Assert.assertTrue(Assert.java:42)
	at org.testng.Assert.assertTrue(Assert.java:52)
	at pageFactory.RegistrationPage.clickRegButton(RegistrationPage.java:194)
	at step.StepRegistration.clickRegButton(StepRegistration.java:44)
	at RegistrationTest.registrationValidData(RegistrationTest.java:40)
</failure>
  </testcase>
  <testcase name="ErrorInvalidField" classname="ErrorRegistrationTest" time="0.812">
    <failure message="expected [true] but found [false]" type="java.lang.AssertionError">java.lang.AssertionError: expected [true] but found [false]
	at org.testng.Assert.fail(Assert.java:94)
	at org.testng.Assert.failNotEquals(Assert.java:513)
	at org.testng.Assert.assertTrue(Assert.java:42)
	at org.testng.Assert.assertTrue(Assert.java:52)
	at pageFactory.RegistrationPage.clickRegButton(RegistrationPage.java:194)
	at step.StepRegistration.clickRegButton(StepRegistration.java:44)
	at ErrorRegistrationTest.ErrorInvalidField(ErrorRegistrationTest.java:83)
</failure>
  </testcase>
  <testcase name="ErrorInvalidField" classname="ErrorRegistrationTest" time="0.777">
    <failure message="expected [true] but found [false]" type="java.lang.AssertionError">java.lang.AssertionError: expected [true] but found [false]
	at org.testng.Assert.fail(Assert.java:94)
	at org.testng.Assert.failNotEquals(Assert.java:513)
	at org.testng.Assert.assertTrue(Assert.java:42)
	at org.testng.Assert.assertTrue(Assert.java:52)
	at pageFactory.RegistrationPage.clickRegButton(RegistrationPage.java:194)
	at step.StepRegistration.clickRegButton(StepRegistration.java:44)
	at ErrorRegistrationTest.ErrorInvalidField(ErrorRegistrationTest.java:83)
</failure>
  </testcase>
  <testcase name="ErrorInvalidField" classname="ErrorRegistrationTest" time="1.347">
    <failure message="expected [true] but found [false]" type="java.lang.AssertionError">java.lang.AssertionError: expected [true] but found [false]
	at org.testng.Assert.fail(Assert.java:94)
	at org.testng.Assert.failNotEquals(Assert.java:513)
	at org.testng.Assert.assertTrue(Assert.java:42)
	at org.testng.Assert.assertTrue(Assert.java:52)
	at pageFactory.RegistrationPage.clickRegButton(RegistrationPage.java:194)
	at step.StepRegistration.clickRegButton(StepRegistration.java:44)
	at ErrorRegistrationTest.ErrorInvalidField(ErrorRegistrationTest.java:83)
</failure>
  </testcase>
  <testcase name="ErrorInvalidField" classname="ErrorRegistrationTest" time="3.631">
    <failure message="expected [true] but found [false]" type="java.lang.AssertionError">java.lang.AssertionError: expected [true] but found [false]
	at org.testng.Assert.fail(Assert.java:94)
	at org.testng.Assert.failNotEquals(Assert.java:513)
	at org.testng.Assert.assertTrue(Assert.java:42)
	at org.testng.Assert.assertTrue(Assert.java:52)
	at pageFactory.RegistrationPage.clickRegButton(RegistrationPage.java:194)
	at step.StepRegistration.clickRegButton(StepRegistration.java:44)
	at ErrorRegistrationTest.ErrorInvalidField(ErrorRegistrationTest.java:83)
</failure>
  </testcase>
  <testcase name="ErrorInvalidField" classname="ErrorRegistrationTest" time="1.024">
    <failure message="expected [true] but found [false]" type="java.lang.AssertionError">java.lang.AssertionError: expected [true] but found [false]
	at org.testng.Assert.fail(Assert.java:94)
	at org.testng.Assert.failNotEquals(Assert.java:513)
	at org.testng.Assert.assertTrue(Assert.java:42)
	at org.testng.Assert.assertTrue(Assert.java:52)
	at pageFactory.RegistrationPage.clickRegButton(RegistrationPage.java:194)
	at step.StepRegistration.clickRegButton(StepRegistration.java:44)
	at ErrorRegistrationTest.ErrorInvalidField(ErrorRegistrationTest.java:83)
</failure>
  </testcase>
  <testcase name="ErrorInvalidField" classname="ErrorRegistrationTest" time="0.806">
    <failure message="expected [true] but found [false]" type="java.lang.AssertionError">java.lang.AssertionError: expected [true] but found [false]
	at org.testng.Assert.fail(Assert.java:94)
	at org.testng.Assert.failNotEquals(Assert.java:513)
	at org.testng.Assert.assertTrue(Assert.java:42)
	at org.testng.Assert.assertTrue(Assert.java:52)
	at pageFactory.RegistrationPage.clickRegButton(RegistrationPage.java:194)
	at step.StepRegistration.clickRegButton(StepRegistration.java:44)
	at ErrorRegistrationTest.ErrorInvalidField(ErrorRegistrationTest.java:83)
</failure>
  </testcase>
  <testcase name="ErrorInvalidField" classname="ErrorRegistrationTest" time="5.06"/>
  <testcase name="ErrorLengthMaxField" classname="ErrorRegistrationTest" time="0.826">
    <failure message="expected [true] but found [false]" type="java.lang.AssertionError">java.lang.AssertionError: expected [true] but found [false]
	at org.testng.Assert.fail(Assert.java:94)
	at org.testng.Assert.failNotEquals(Assert.java:513)
	at org.testng.Assert.assertTrue(Assert.java:42)
	at org.testng.Assert.assertTrue(Assert.java:52)
	at pageFactory.RegistrationPage.clickRegButton(RegistrationPage.java:194)
	at step.StepRegistration.clickRegButton(StepRegistration.java:44)
	at ErrorRegistrationTest.ErrorLengthMaxField(ErrorRegistrationTest.java:46)
</failure>
  </testcase>
  <testcase name="ErrorLengthMinField" classname="ErrorRegistrationTest" time="0.871">
    <failure message="expected [true] but found [false]" type="java.lang.AssertionError">java.lang.AssertionError: expected [true] but found [false]
	at org.testng.Assert.fail(Assert.java:94)
	at org.testng.Assert.failNotEquals(Assert.java:513)
	at org.testng.Assert.assertTrue(Assert.java:42)
	at org.testng.Assert.assertTrue(Assert.java:52)
	at pageFactory.RegistrationPage.clickRegButton(RegistrationPage.java:194)
	at step.StepRegistration.clickRegButton(StepRegistration.java:44)
	at ErrorRegistrationTest.ErrorLengthMinField(ErrorRegistrationTest.java:66)
</failure>
  </testcase>
  <testcase name="ErrorLengthMinField" classname="ErrorRegistrationTest" time="0.873">
    <failure message="expected [true] but found [false]" type="java.lang.AssertionError">java.lang.AssertionError: expected [true] but found [false]
	at org.testng.Assert.fail(Assert.java:94)
	at org.testng.Assert.failNotEquals(Assert.java:513)
	at org.testng.Assert.assertTrue(Assert.java:42)
	at org.testng.Assert.assertTrue(Assert.java:52)
	at pageFactory.RegistrationPage.clickRegButton(RegistrationPage.java:194)
	at step.StepRegistration.clickRegButton(StepRegistration.java:44)
	at ErrorRegistrationTest.ErrorLengthMinField(ErrorRegistrationTest.java:66)
</failure>
  </testcase>
  <testcase name="ErrorNullField" classname="ErrorRegistrationTest" time="1.497">
    <failure message="expected [true] but found [false]" type="java.lang.AssertionError">java.lang.AssertionError: expected [true] but found [false]
	at org.testng.Assert.fail(Assert.java:94)
	at org.testng.Assert.failNotEquals(Assert.java:513)
	at org.testng.Assert.assertTrue(Assert.java:42)
	at org.testng.Assert.assertTrue(Assert.java:52)
	at pageFactory.RegistrationPage.clickRegButton(RegistrationPage.java:194)
	at step.StepRegistration.clickRegButton(StepRegistration.java:44)
	at ErrorRegistrationTest.ErrorNullField(ErrorRegistrationTest.java:26)
</failure>
  </testcase>
  <testcase name="logIn" classname="WebinarTest" time="10.231"/>
  <testcase name="viewWebinarLogUser" classname="WebinarTest" time="3.171"/>
</testsuite>